::1 - - [17/Jan/2024:01:12:42 +0000] "GET /api/users HTTP/1.1" 200 35 "-" "PostmanRuntime/7.36.0"
::1 - - [17/Jan/2024:02:15:07 +0000] "POST /api/users HTTP/1.1" 200 26 "-" "PostmanRuntime/7.36.0"
::1 - - [17/Jan/2024:02:19:44 +0000] "GET /api/users HTTP/1.1" 200 35 "-" "PostmanRuntime/7.36.0"
::1 - - [17/Jan/2024:02:26:06 +0000] "GET /api/users/11 HTTP/1.1" 200 26 "-" "PostmanRuntime/7.36.0"
::1 - - [17/Jan/2024:02:31:44 +0000] "POST /api/users HTTP/1.1" 200 120 "-" "PostmanRuntime/7.36.0"
::1 - - [17/Jan/2024:06:55:43 +0000] "GET /api/users HTTP/1.1" 200 122 "-" "PostmanRuntime/7.36.0"
::1 - - [17/Jan/2024:06:56:16 +0000] "POST /api/users HTTP/1.1" 200 127 "-" "PostmanRuntime/7.36.0"
::1 - - [17/Jan/2024:06:56:56 +0000] "GET /api/users/65a73c1088774f22095a8aec HTTP/1.1" 200 26 "-" "PostmanRuntime/7.36.0"
::1 - - [17/Jan/2024:06:58:08 +0000] "GET /api/users/65a73c1088774f22095a8aec HTTP/1.1" 200 120 "-" "PostmanRuntime/7.36.0"
::1 - - [17/Jan/2024:07:04:38 +0000] "GET /api/users/65a73c1088774f22095a8aec HTTP/1.1" 200 120 "-" "PostmanRuntime/7.36.0"
::1 - - [17/Jan/2024:07:04:42 +0000] "GET /api/users/65a73c1088774f22095a8ae1 HTTP/1.1" 400 99 "-" "PostmanRuntime/7.36.0"
::1 - - [17/Jan/2024:07:04:48 +0000] "GET /api/users/65a73c1088774f22095a8aec HTTP/1.1" 200 120 "-" "PostmanRuntime/7.36.0"
::1 - - [17/Jan/2024:07:05:23 +0000] "DELETE /api/users/65a73c1088774f22095a8aec HTTP/1.1" 200 26 "-" "PostmanRuntime/7.36.0"
::1 - - [17/Jan/2024:07:08:19 +0000] "PUT /api/users/65a77a0fce17582da9faf68f HTTP/1.1" 200 127 "-" "PostmanRuntime/7.36.0"
::1 - - [17/Jan/2024:07:09:54 +0000] "PUT /api/users/65a77a0fce17582da9faf68f HTTP/1.1" 200 135 "-" "PostmanRuntime/7.36.0"
::1 - - [17/Jan/2024:07:09:58 +0000] "PUT /api/users/65a77a0fce17582da9faf68f HTTP/1.1" 200 144 "-" "PostmanRuntime/7.36.0"
::1 - - [17/Jan/2024:07:22:51 +0000] "PUT /api/users/65a77a0fce17582da9faf68fs HTTP/1.1" 500 1016 "-" "PostmanRuntime/7.36.0"
::1 - - [17/Jan/2024:07:23:12 +0000] "PUT /api/users/65a77a0fce17582da9faf68fs HTTP/1.1" 500 1016 "-" "PostmanRuntime/7.36.0"
::1 - - [17/Jan/2024:07:25:17 +0000] "PUT /api/users/65a77a0fce17582da9faf68fs HTTP/1.1" 500 140 "-" "PostmanRuntime/7.36.0"
::1 - - [17/Jan/2024:07:51:13 +0000] "GET /api/users/65a73c1088774f22095a8aec HTTP/1.1" 400 100 "-" "PostmanRuntime/7.36.0"
::1 - - [17/Jan/2024:07:51:19 +0000] "GET /api/users/a HTTP/1.1" 500 116 "-" "PostmanRuntime/7.36.0"
::1 - - [17/Jan/2024:07:51:25 +0000] "GET /api/users/65a73c1088774f22095a8aec HTTP/1.1" 400 100 "-" "PostmanRuntime/7.36.0"
::1 - - [17/Jan/2024:07:51:29 +0000] "PUT /api/users/65a77a0fce17582da9faf68fs HTTP/1.1" 500 140 "-" "PostmanRuntime/7.36.0"
::1 - - [17/Jan/2024:07:51:36 +0000] "PUT /api/users/65a73c1088774f22095a8aec HTTP/1.1" 400 99 "-" "PostmanRuntime/7.36.0"
::1 - - [17/Jan/2024:08:10:03 +0000] "GET /api/users/65a73c1088774f22095a8aec HTTP/1.1" 400 100 "-" "PostmanRuntime/7.36.0"
::1 - - [17/Jan/2024:08:10:12 +0000] "GET /api/users/a HTTP/1.1" 500 116 "-" "PostmanRuntime/7.36.0"
::1 - - [17/Jan/2024:08:10:15 +0000] "GET /api/users/65a73c1088774f22095a8aec HTTP/1.1" 400 100 "-" "PostmanRuntime/7.36.0"
::1 - - [17/Jan/2024:08:10:18 +0000] "GET /api/users/65a73c1088774f22095a8aecaa HTTP/1.1" 500 141 "-" "PostmanRuntime/7.36.0"
::1 - - [17/Jan/2024:08:27:45 +0000] "POST /api/users HTTP/1.1" 500 236 "-" "PostmanRuntime/7.36.0"
::1 - - [17/Jan/2024:08:28:30 +0000] "POST /api/users HTTP/1.1" 200 180 "-" "PostmanRuntime/7.36.0"
::1 - - [17/Jan/2024:08:29:42 +0000] "POST /api/users HTTP/1.1" 500 101 "-" "PostmanRuntime/7.36.0"
::1 - - [17/Jan/2024:08:29:48 +0000] "POST /api/users HTTP/1.1" 200 178 "-" "PostmanRuntime/7.36.0"
::1 - - [17/Jan/2024:08:31:53 +0000] "POST /api/users HTTP/1.1" 500 132 "-" "PostmanRuntime/7.36.0"
::1 - - [17/Jan/2024:08:32:16 +0000] "POST /api/users HTTP/1.1" 200 181 "-" "PostmanRuntime/7.36.0"
::1 - - [17/Jan/2024:08:42:44 +0000] "POST /api/users HTTP/1.1" 500 132 "-" "PostmanRuntime/7.36.0"
::1 - - [17/Jan/2024:08:42:58 +0000] "POST /api/users HTTP/1.1" 200 235 "-" "PostmanRuntime/7.36.0"
::1 - - [17/Jan/2024:08:53:55 +0000] "POST /api/users HTTP/1.1" 200 417 "-" "PostmanRuntime/7.36.0"
::1 - - [17/Jan/2024:09:06:14 +0000] "POST /api/users HTTP/1.1" 500 116 "-" "PostmanRuntime/7.36.0"
::1 - - [17/Jan/2024:09:06:24 +0000] "POST /api/users/login HTTP/1.1" 200 417 "-" "PostmanRuntime/7.36.0"
::1 - - [17/Jan/2024:09:06:30 +0000] "POST /api/users/login HTTP/1.1" 500 85 "-" "PostmanRuntime/7.36.0"
::1 - - [17/Jan/2024:09:07:19 +0000] "POST /api/users/login HTTP/1.1" 200 417 "-" "PostmanRuntime/7.36.0"
::1 - - [17/Jan/2024:09:07:43 +0000] "POST /api/users/login HTTP/1.1" 401 86 "-" "PostmanRuntime/7.36.0"
::1 - - [17/Jan/2024:09:11:02 +0000] "POST /api/users/login HTTP/1.1" 200 417 "-" "PostmanRuntime/7.36.0"
::1 - - [17/Jan/2024:09:28:00 +0000] "POST /api/users HTTP/1.1" 500 132 "-" "PostmanRuntime/7.36.0"
::1 - - [17/Jan/2024:09:28:08 +0000] "POST /api/users HTTP/1.1" 200 420 "-" "PostmanRuntime/7.36.0"
::1 - - [17/Jan/2024:09:28:43 +0000] "POST /api/users HTTP/1.1" 401 73 "-" "PostmanRuntime/7.36.0"
::1 - - [17/Jan/2024:09:28:47 +0000] "POST /api/users HTTP/1.1" 500 134 "-" "PostmanRuntime/7.36.0"
::1 - - [17/Jan/2024:10:00:41 +0000] "POST /api/users/login HTTP/1.1" 200 417 "-" "PostmanRuntime/7.36.0"
::1 - - [17/Jan/2024:10:02:18 +0000] "POST /api/users/login HTTP/1.1" 200 417 "-" "PostmanRuntime/7.36.0"
::1 - - [17/Jan/2024:10:04:20 +0000] "POST /api/users/login HTTP/1.1" 200 417 "-" "PostmanRuntime/7.36.0"
::1 - - [17/Jan/2024:10:06:12 +0000] "POST /api/users/login HTTP/1.1" 200 417 "-" "PostmanRuntime/7.36.0"
::1 - - [17/Jan/2024:10:06:28 +0000] "POST /api/users/login HTTP/1.1" 200 417 "-" "PostmanRuntime/7.36.0"
::1 - - [17/Jan/2024:10:06:37 +0000] "POST /api/users/login HTTP/1.1" 200 417 "-" "PostmanRuntime/7.36.0"
